MES 2025.08.30 06:10:02 AGENT_ID=870 NOMER=Скоков Никита Владимирович> Маршруты не найдены
MES 2025.08.30 06:10:02 AGENT_ID=871 NOMER=Соврасов Александр Сергеевич> Маршруты не найдены
MES 2025.08.30 06:10:02 AGENT_ID=872 NOMER=Скляров Михаил Александрович> Маршруты не найдены
MES 2025.08.30 06:10:02 AGENT_ID=873 NOMER=Юнусов Вадим Иркатович> Маршруты не найдены
MES 2025.08.30 06:10:02 AGENT_ID=874 NOMER=Губанов Евгений Владимирович> Маршруты не найдены
MES 2025.08.30 06:10:02 AGENT_ID=875 NOMER=Жилин Алексей Владимирович> Маршруты не найдены
MES 2025.08.30 06:10:02 AGENT_ID=876 NOMER=Захаров Константин Андреевич> Маршруты не найдены
MES 2025.08.30 06:10:02 AGENT_ID=877 NOMER=Новиков Игорь Владимирович> Маршруты не найдены
MES 2025.08.30 06:10:02 AGENT_ID=878 NOMER=Волков Алексей Николаевич> Маршруты не найдены
MES 2025.08.30 06:10:02 AGENT_ID=879 NOMER=Зуев Алексей Николаевич> Маршруты не найдены
MES 2025.08.30 06:10:02 AGENT_ID=880 NOMER=Дзагоев Анзор Анатольевич> Маршруты не найдены
MES 2025.08.30 06:10:02 AGENT_ID=881 NOMER=Яковлев Никита Сергеевич> Маршруты не найдены
MES 2025.08.30 06:10:02 AGENT_ID=882 NOMER=Черепнин Владимир Владимирович> Маршруты не найдены
MES 2025.08.30 06:10:02 AGENT_ID=883 NOMER=Раздорский Сергей Владимирович> Маршруты не найдены
MES 2025.08.30 06:10:02 AGENT_ID=884 NOMER=Елецкий Дмитрий Александрович> Маршруты не найдены
MES 2025.08.30 06:10:02 AGENT_ID=885 NOMER=Татаринов Александр Валерьевич> Маршруты не найдены
MES 2025.08.30 06:10:02 AGENT_ID=886 NOMER=Романов Олег Алексеевич> Маршруты не найдены
MES 2025.08.30 06:10:02 AGENT_ID=887 NOMER=Жуков Василий Григорьевич> Маршруты не найдены
MES 2025.08.30 06:10:02 AGENT_ID=888 NOMER=Кульков Андрей Евгеньевич> Маршруты не найдены
MES 2025.08.30 06:10:02 AGENT_ID=889 NOMER=Никита Виталий Ильич> Маршруты не найдены
MES 2025.08.30 06:10:02 AGENT_ID=890 NOMER=Москалев Андрей Алексеевич> Маршруты не найдены
MES 2025.08.30 06:10:02 AGENT_ID=891 NOMER=Тест Антор Омск> Маршруты не найдены
MES 2025.08.30 06:10:02 AGENT_ID=892 NOMER=Тест ОМСК 2> Маршруты не найдены
MES 2025.08.30 06:10:02 AGENT_ID=893 NOMER=Проточий Виктор Александрович> Маршруты не найдены
MES 2025.08.30 06:10:02 AGENT_ID=894 NOMER=Володьков Виктор Александрович> Маршруты не найдены
MES 2025.08.30 06:10:02 AGENT_ID=895 NOMER=Проточий Виктор Александрович> Маршруты не найдены
MES 2025.08.30 06:10:02 AGENT_ID=896 NOMER=Шевелев Сергей Петрович> Маршруты не найдены
MES 2025.08.30 06:10:02 AGENT_ID=897 NOMER=Кукоренко Евгений Геннадиевич> Маршруты не найдены
MES 2025.08.30 06:10:02 AGENT_ID=898 NOMER=Артемьев Сергей Эдуардович> Маршруты не найдены
MES 2025.08.30 06:10:02 AGENT_ID=899 NOMER=Артемьев Сергей Эдуардович> Маршруты не найдены
MES 2025.08.30 06:10:02 AGENT_ID=900 NOMER=Бекк Геннадий Геннадьевич> Маршруты не найдены
MES 2025.08.30 06:10:02 AGENT_ID=901 NOMER=Елисеев Сергей Владимирович> Маршруты не найдены
MES 2025.08.30 06:10:02 AGENT_ID=902 NOMER=Немна Александр Викторович> Маршруты не найдены
MES 2025.08.30 06:10:02 AGENT_ID=903 NOMER=Гок Александр Александрович> Маршруты не найдены
MES 2025.08.30 06:10:02 AGENT_ID=904 NOMER=Ахметов Дастан Рызабекович> Маршруты не найдены
MES 2025.08.30 06:10:02 AGENT_ID=905 NOMER=Милованов Андрей Петрович> Маршруты не найдены
MES 2025.08.30 06:10:02 AGENT_ID=906 NOMER=Ильин Константин Викторович> Маршруты не найдены
MES 2025.08.30 06:10:02 AGENT_ID=907 NOMER=Тарасов Максим Борисович> Маршруты не найдены
MES 2025.08.30 06:10:02 AGENT_ID=908 NOMER=Ермохин Алексей Сергеевич> Маршруты не найдены
MES 2025.08.30 06:10:02 AGENT_ID=909 NOMER=Семеев Андрей Игоревич> Маршруты не найдены
MES 2025.08.30 06:10:02 AGENT_ID=910 NOMER=Татаринов Игорь Валерьевич> Маршруты не найдены
MES 2025.08.30 06:10:02 AGENT_ID=911 NOMER=Пудин Владислав Павлович> Маршруты не найдены
MES 2025.08.30 06:10:02 AGENT_ID=912 NOMER=Этезов Артур Нажмудинович> Маршруты не найдены
MES 2025.08.30 06:10:02 AGENT_ID=913 NOMER=Михеев Дмитрий Валерьевич> Маршруты не найдены
MES 2025.08.30 06:10:02 AGENT_ID=914 NOMER=Сабитов Дамир Маратович> Маршруты не найдены
MES 2025.08.30 06:10:02 AGENT_ID=915 NOMER=Жаткин Владимир Александрович> Маршруты не найдены
MES 2025.08.30 06:10:02 AGENT_ID=916 NOMER=Крыласов Владислав Николаевич> Маршруты не найдены
MES 2025.08.30 06:10:02 AGENT_ID=917 NOMER=Копытков Валентин Валентинович> Маршруты не найдены
MES 2025.08.30 06:10:02 AGENT_ID=918 NOMER=Никишенков Сергей Викторович> Маршруты не найдены
MES 2025.08.30 06:10:02 AGENT_ID=919 NOMER=Исаков Дмитрий Сергеевич> Маршруты не найдены
MES 2025.08.30 06:10:02 AGENT_ID=920 NOMER=Андрюшин Александр Александрович> Маршруты не найдены
MES 2025.08.30 06:10:02 AGENT_ID=921 NOMER=Писарчук Кирилл Андреевич> Маршруты не найдены
MES 2025.08.30 06:10:02 AGENT_ID=922 NOMER=Александров Владислав Андреевич> Маршруты не найдены
MES 2025.08.30 06:10:02 AGENT_ID=923 NOMER=Лупушор Иван Иванович> Маршруты не найдены
MES 2025.08.30 06:10:02 AGENT_ID=924 NOMER=Абышов Нуржигит Таалайбекович> Маршруты не найдены
MES 2025.08.30 06:10:02 AGENT_ID=925 NOMER=Старков Дамир Наильевич> Маршруты не найдены
MES 2025.08.30 06:10:02 AGENT_ID=926 NOMER=Фомин Никита Александрович> Маршруты не найдены
MES 2025.08.30 06:10:02 AGENT_ID=927 NOMER=Волков Александр Михайлович> Маршруты не найдены
MES 2025.08.30 06:10:02 AGENT_ID=928 NOMER=Мельничук Александр Иванович> Маршруты не найдены
MES 2025.08.30 06:10:02 AGENT_ID=929 NOMER=Кондаков Кирилл Алексеевич> Маршруты не найдены
MES 2025.08.30 06:10:02 AGENT_ID=930 NOMER=Крыласов Сергей Николаевич> Маршруты не найдены
MES 2025.08.30 06:10:02 AGENT_ID=931 NOMER=Царегородцев Алексей Владимирович> Маршруты не найдены
MES 2025.08.30 06:10:02 AGENT_ID=932 NOMER=Гончар Андрей Васильевич> Маршруты не найдены
MES 2025.08.30 06:10:02 AGENT_ID=933 NOMER=Сикорский Александр Михайлович> Маршруты не найдены
MES 2025.08.30 06:10:02 AGENT_ID=934 NOMER=Соловьев Антон Владимирович> Маршруты не найдены
MES 2025.08.30 06:10:02 AGENT_ID=935 NOMER=Полин Дмитрий Андреевич> Маршруты не найдены
MES 2025.08.30 06:10:02 AGENT_ID=936 NOMER=Петин Владимир Александрович> Маршруты не найдены
MES 2025.08.30 06:10:02 AGENT_ID=937 NOMER=Семенов Сергей Валентинович> Маршруты не найдены
MES 2025.08.30 06:10:02 AGENT_ID=938 NOMER=Абдуллаев Хасан Исматович> Маршруты не найдены
MES 2025.08.30 06:10:02 AGENT_ID=939 NOMER=Ионов Сергей Викторович> Маршруты не найдены
MES 2025.08.30 06:10:02 AGENT_ID=940 NOMER=Малютин Владислав Вячеславович> Маршруты не найдены
MES 2025.08.30 06:10:02 AGENT_ID=941 NOMER=Карандаев Александр Андреевич> Маршруты не найдены
MES 2025.08.30 06:10:02 AGENT_ID=942 NOMER=Ульянов Дмитрий Владимирович> Маршруты не найдены
MES 2025.08.30 06:10:02 AGENT_ID=943 NOMER=Рошко Ярослав Ярославович> Маршруты не найдены
MES 2025.08.30 06:10:02 AGENT_ID=944 NOMER=Немов Илья Викторович> Маршруты не найдены
MES 2025.08.30 06:10:02 AGENT_ID=945 NOMER=Тест Антор Пермь> Маршруты не найдены
MES 2025.08.30 06:10:02 AGENT_ID=946 NOMER=Михаил Чернов> Маршруты не найдены
MES 2025.08.30 06:10:02 AGENT_ID=947 NOMER=Казмирчук Алексей Юрьевич> Маршруты не найдены
MES 2025.08.30 06:10:02 AGENT_ID=948 NOMER=Муров Дмитрий Вячеславович> Маршруты не найдены
MES 2025.08.30 06:10:02 AGENT_ID=949 NOMER=Бояршинов Антон Валерьевич> Маршруты не найдены
MES 2025.08.30 06:10:02 AGENT_ID=950 NOMER=Аликин Виктор Олегович> Маршруты не найдены
MES 2025.08.30 06:10:02 AGENT_ID=951 NOMER=Цырулев Степан Иванович> Маршруты не найдены
MES 2025.08.30 06:10:02 AGENT_ID=952 NOMER=Башмаков Анатолий Алексеевич> Маршруты не найдены
MES 2025.08.30 06:10:02 AGENT_ID=953 NOMER=Третьяков Андрей Александрович> Маршруты не найдены
MES 2025.08.30 06:10:02 AGENT_ID=954 NOMER=Ракланов Константин Николаевич> Маршруты не найдены
MES 2025.08.30 06:10:02 AGENT_ID=955 NOMER=Муров Денис Вячеславович> Маршруты не найдены
MES 2025.08.30 06:10:02 AGENT_ID=956 NOMER=Марущак Андрей Дмитриевич> Маршруты не найдены
MES 2025.08.30 06:10:02 AGENT_ID=957 NOMER=Чернов Михаил Александрович> Маршруты не найдены
MES 2025.08.30 06:10:02 AGENT_ID=958 NOMER=Сысоев Иван Александрович> Маршруты не найдены
MES 2025.08.30 06:10:02 AGENT_ID=959 NOMER=Чиртулов Иван Андреевич> Маршруты не найдены
MES 2025.08.30 06:10:02 AGENT_ID=960 NOMER=Андреев Олег Игоревич> Маршруты не найдены
MES 2025.08.30 06:10:02 AGENT_ID=961 NOMER=Каверзин Андрей Владимирович> Маршруты не найдены
MES 2025.08.30 06:10:02 AGENT_ID=962 NOMER=Глыцко Роман Иванович> Маршруты не найдены
MES 2025.08.30 06:10:02 AGENT_ID=963 NOMER=Афроськин Сергей Олегович> Маршруты не найдены
MES 2025.08.30 06:10:02 Завершен цикл aq (LoadAvailableDevs) (0 сек)
MES 2025.08.30 06:10:02 Завершено выполнение этапа Prev (1 сек)
MES 2025.08.30 06:10:02 Начато выполнение этапа Load
MES 2025.08.30 06:10:02 Импорт_МОСКВА_3: загружаем точки маршрутов для выбранных устройств
MES 2025.08.30 06:10:02 Удаление временных данных
MES 2025.08.30 06:10:02 Завершено выполнение этапа Load (0 сек)
MES 2025.08.30 06:10:02 Начато выполнение этапа Post
MES 2025.08.30 06:10:02 Завершено выполнение этапа Post (0 сек)
MES 2025.08.30 06:10:02 Начато выполнение этапа MakeTasks
MES 2025.08.30 06:10:02 Импорт_МОСКВА_3: начинаем создание задач
MES 2025.08.30 06:10:02 Для обработки 0 точек
MES 2025.08.30 06:10:02 Обработано 0 точек, 0 задач создано
MES 2025.08.30 06:10:02 Завершено выполнение этапа MakeTasks (0 сек)
MES 2025.08.30 06:10:02 Начато выполнение этапа SaveTasks
MES 2025.08.30 06:10:02 Импорт_МОСКВА_3: начинаем сохранение задач в базу данных
MES 2025.08.30 06:10:02 Для сохранения в БД 0 задач
MES 2025.08.30 06:10:02 Сохранено в БД 0
MES 2025.08.30 06:10:02 Импорт_МОСКВА_3 закончен.
MES 2025.08.30 06:10:02 Завершено выполнение этапа SaveTasks (0 сек)
MES 2025.08.30 06:10:02 Завершено выполнение всех этапов импорта (1 сек)
MES 2025.09.01 04:10:01 Ini File: D:\ANTOR\IMPORT_REGION\TImport_Work_REG_MOS_pon\task_imp.ini
MES 2025.09.01 04:10:01 Начато выполнение всех этапов импорта
MES 2025.09.01 04:10:01 Начато выполнение этапа Prev
MES 2025.09.01 04:10:01 Импорт_МОСКВА_3: Начинаем импорт
MES 2025.09.01 04:10:01 Импорт_МОСКВА_3: загружаем доступные маршруты
MES 2025.09.01 04:10:01 Начато выполнения поцедуры импорта: AM__GETDATA_WP_3_MOS
ERR 2025.09.01 04:37:59 TAvalonImport.DoImport: TAI_SPInput.LoadAvailableDevs:Transaction (Process ID 60) was deadlocked on lock resources with another process and has been chosen as the deadlock victim. Rerun the transaction
MES 2025.09.01 04:37:59 Завершено выполнение этапа Prev (1678 сек)
MES 2025.09.01 04:37:59 Начато выполнение этапа Load
MES 2025.09.01 04:37:59 Импорт_МОСКВА_3: загружаем точки маршрутов для выбранных устройств
MES 2025.09.01 04:37:59 Удаление временных данных
MES 2025.09.01 04:37:59 Завершено выполнение этапа Load (0 сек)
MES 2025.09.01 04:37:59 Начато выполнение этапа Post
MES 2025.09.01 04:37:59 Завершено выполнение этапа Post (0 сек)
MES 2025.09.01 04:37:59 Начато выполнение этапа MakeTasks
MES 2025.09.01 04:37:59 Импорт_МОСКВА_3: начинаем создание задач
MES 2025.09.01 04:37:59 Для обработки 0 точек
MES 2025.09.01 04:37:59 Обработано 0 точек, 0 задач создано
MES 2025.09.01 04:37:59 Завершено выполнение этапа MakeTasks (0 сек)
MES 2025.09.01 04:37:59 Начато выполнение этапа SaveTasks
MES 2025.09.01 04:37:59 Импорт_МОСКВА_3: начинаем сохранение задач в базу данных
MES 2025.09.01 04:37:59 Для сохранения в БД 0 задач
MES 2025.09.01 04:37:59 Сохранено в БД 0
MES 2025.09.01 04:37:59 Импорт_МОСКВА_3 закончен.
MES 2025.09.01 04:37:59 Завершено выполнение этапа SaveTasks (0 сек)
MES 2025.09.01 04:37:59 Завершено выполнение всех этапов импорта (1678 сек)
MES 2025.09.01 06:10:02 Ini File: D:\ANTOR\IMPORT_REGION\TImport_Work_REG_MOS_pon\task_imp.ini
MES 2025.09.01 06:10:02 Начато выполнение всех этапов импорта
MES 2025.09.01 06:10:02 Начато выполнение этапа Prev
MES 2025.09.01 06:10:02 Импорт_МОСКВА_3: Начинаем импорт
MES 2025.09.01 06:10:02 Импорт_МОСКВА_3: загружаем доступные маршруты
MES 2025.09.01 06:10:02 Начато выполнения поцедуры импорта: AM__GETDATA_WP_3_MOS
ERR 2025.09.01 07:03:35 TAvalonImport.DoImport: TAI_SPInput.LoadAvailableDevs:Transaction (Process ID 67) was deadlocked on lock resources with another process and has been chosen as the deadlock victim. Rerun the transaction
MES 2025.09.01 07:03:35 Завершено выполнение этапа Prev (3212 сек)
MES 2025.09.01 07:03:35 Начато выполнение этапа Load
MES 2025.09.01 07:03:35 Импорт_МОСКВА_3: загружаем точки маршрутов для выбранных устройств
MES 2025.09.01 07:03:35 Удаление временных данных
MES 2025.09.01 07:03:35 Завершено выполнение этапа Load (0 сек)
MES 2025.09.01 07:03:35 Начато выполнение этапа Post
MES 2025.09.01 07:03:35 Завершено выполнение этапа Post (0 сек)
MES 2025.09.01 07:03:35 Начато выполнение этапа MakeTasks
MES 2025.09.01 07:03:35 Импорт_МОСКВА_3: начинаем создание задач
MES 2025.09.01 07:03:35 Для обработки 0 точек
MES 2025.09.01 07:03:35 Обработано 0 точек, 0 задач создано
MES 2025.09.01 07:03:35 Завершено выполнение этапа MakeTasks (0 сек)
MES 2025.09.01 07:03:35 Начато выполнение этапа SaveTasks
MES 2025.09.01 07:03:35 Импорт_МОСКВА_3: начинаем сохранение задач в базу данных
MES 2025.09.01 07:03:35 Для сохранения в БД 0 задач
MES 2025.09.01 07:03:35 Сохранено в БД 0
MES 2025.09.01 07:03:35 Импорт_МОСКВА_3 закончен.
MES 2025.09.01 07:03:35 Завершено выполнение этапа SaveTasks (0 сек)
MES 2025.09.01 07:03:35 Завершено выполнение всех этапов импорта (3212 сек)
MES 2025.09.01 09:48:13 Ini File: D:\ANTOR\IMPORT_REGION\TImport_Work_REG_MOS_pon\task_imp.ini
MES 2025.09.01 09:48:13 Начато выполнение всех этапов импорта
MES 2025.09.01 09:48:13 Начато выполнение этапа Prev
MES 2025.09.01 09:48:13 Импорт_МОСКВА_3: Начинаем импорт
MES 2025.09.01 09:48:13 Импорт_МОСКВА_3: загружаем доступные маршруты
MES 2025.09.01 09:48:13 Начато выполнения поцедуры импорта: AM__GETDATA_WP_3_MOS
MES 2025.09.01 09:58:36 Завершено выполнения поцедуры импорта: AM__GETDATA_WP_3_MOS (622 сек)
MES 2025.09.01 09:58:36 AI_ID: '37D145C7-92CB-4377-94C4-B2CB87BECFB7'
MES 2025.09.01 09:58:36 Начато выполнения поцедуры AM__IMPORT_LINK_DEVID (LoadAvailableDevs)
MES 2025.09.01 09:58:36 Завершено выполнения поцедуры AM__IMPORT_LINK_DEVID (LoadAvailableDevs) (0 сек)
MES 2025.09.01 09:58:36 Начато выполнение select distinct с Locate (LoadAvailableDevs)
MES 2025.09.01 09:58:36 Завершено выполнение select distinct с Locate (LoadAvailableDevs) (0 сек)
MES 2025.09.01 09:58:36 Начат цикл aq (LoadAvailableDevs)
MES 2025.09.01 09:58:36 AGENT_ID=1 NOMER=Бойко Алексей Леонтьевич> Маршруты не найдены
MES 2025.09.01 09:58:36 AGENT_ID=2 NOMER=Фейзрахманов Наиль Фяритович> Маршруты не найдены
MES 2025.09.01 09:58:36 AGENT_ID=3 NOMER=Тырнов Александр Валерьевич> Маршруты не найдены
MES 2025.09.01 09:58:36 AGENT_ID=4 NOMER=Корелов Владислав Владимирович> Маршруты не найдены
MES 2025.09.01 09:58:36 AGENT_ID=5 NOMER=Голов Константин Федорович> Маршруты не найдены
MES 2025.09.01 09:58:36 AGENT_ID=6 NOMER=Чепрасов Иван Николаевич> Маршруты не найдены
MES 2025.09.01 09:58:36 AGENT_ID=7 NOMER=Кодолов Сергей Николаевич> Маршруты не найдены
MES 2025.09.01 09:58:36 AGENT_ID=8 NOMER=Лапа Максим Викторович> Маршруты не найдены
MES 2025.09.01 09:58:36 AGENT_ID=9 NOMER=Крысов Игорь Владимирович> Маршруты не найдены
MES 2025.09.01 09:58:36 AGENT_ID=10 NOMER=Рубцов Александр Леонидович> Маршруты не найдены
MES 2025.09.01 09:58:36 AGENT_ID=11 NOMER=Жидяев Виталий Александрович> Маршруты не найдены
MES 2025.09.01 09:58:36 AGENT_ID=12 NOMER=Радыванюк Виктор Михайлович> Маршруты не найдены
MES 2025.09.01 09:58:36 AGENT_ID=13 NOMER=Абайкин Василий Андреевич> Маршруты не найдены
MES 2025.09.01 09:58:36 AGENT_ID=14 NOMER=Тихонов Антон Сергеевич> Маршруты не найдены
MES 2025.09.01 09:58:36 AGENT_ID=15 NOMER=Сафатов Сергей Анатольевич> Маршруты не найдены
MES 2025.09.01 09:58:36 AGENT_ID=16 NOMER=Малышев Владимир Алексеевич> Маршруты не найдены
MES 2025.09.01 09:58:36 AGENT_ID=17 NOMER=Сачко Дмитрий Александрович> Маршруты не найдены
MES 2025.09.01 09:58:36 AGENT_ID=18 NOMER=Костомаров Михаил Вячеславович> Маршруты не найдены
MES 2025.09.01 09:58:36 AGENT_ID=19 NOMER=Корогод Артем Александрович> Маршруты не найдены
MES 2025.09.01 09:58:36 AGENT_ID=20 NOMER=Новиков Алексей Юрьевич> Маршруты не найдены
MES 2025.09.01 09:58:36 AGENT_ID=21 NOMER=Дубов Павел Сергеевич> Маршруты не найдены
MES 2025.09.01 09:58:36 AGENT_ID=22 NOMER=Номан Тимур Саидович> Маршруты не найдены
MES 2025.09.01 09:58:36 AGENT_ID=23 NOMER=Борисов Александр Анатольевич> Маршруты не найдены
MES 2025.09.01 09:58:36 AGENT_ID=25 NOMER=Одинцов Николай Александрович> Маршруты не найдены
MES 2025.09.01 09:58:36 AGENT_ID=26 NOMER=Кульков Олег Владимирович> Маршруты не найдены
MES 2025.09.01 09:58:36 AGENT_ID=27 NOMER=Блохин Кирилл Максимович> Маршруты не найдены
MES 2025.09.01 09:58:36 AGENT_ID=28 NOMER=Марданов Вадим Аликович> Маршруты не найдены
MES 2025.09.01 09:58:36 AGENT_ID=29 NOMER=Чебан Евгений Кирилович> Маршруты не найдены
MES 2025.09.01 09:58:36 AGENT_ID=30 NOMER=Чебан Сергей Кирилович> Маршруты не найдены
MES 2025.09.01 09:58:36 AGENT_ID=31 NOMER=Кондрашкин Андрей Викторович> Маршруты не найдены
MES 2025.09.01 09:58:36 AGENT_ID=32 NOMER=Лазебный Иван Дмитриевич> Маршруты не найдены
MES 2025.09.01 09:58:36 AGENT_ID=33 NOMER=Кротов Дмитрий Евгеньевич> Маршруты не найдены
MES 2025.09.01 09:58:36 AGENT_ID=34 NOMER=Львов Максим Анатольевич> Маршруты не найдены
MES 2025.09.01 09:58:36 AGENT_ID=35 NOMER=Богомолов Павел Андреевич> Маршруты не найдены
MES 2025.09.01 09:58:36 AGENT_ID=36 NOMER=Урусовский Андрей Михайлович> Маршруты не найдены
MES 2025.09.01 09:58:36 AGENT_ID=37 NOMER=Атапин Максим Дмитриевич> Маршруты не найдены
MES 2025.09.01 09:58:36 AGENT_ID=38 NOMER=Корбачев Михаил Александрович> Маршруты не найдены
MES 2025.09.01 09:58:36 AGENT_ID=39 NOMER=Ларин Алексей Васильевич> Маршруты не найдены
MES 2025.09.01 09:58:36 AGENT_ID=40 NOMER=Маташов Валентин Николаевич> Маршруты не найдены
MES 2025.09.01 09:58:36 AGENT_ID=41 NOMER=Бурлаков Роман Сергеевич> Маршруты не найдены
MES 2025.09.01 09:58:36 AGENT_ID=42 NOMER=Корчагин Андрей Романович> Маршруты не найдены
MES 2025.09.01 09:58:36 AGENT_ID=43 NOMER=Волобуев Владимир Игоревич> Маршруты не найдены
MES 2025.09.01 09:58:36 AGENT_ID=44 NOMER=Кузнецов Александр Владимирович> Маршруты не найдены
MES 2025.09.01 09:58:36 AGENT_ID=45 NOMER=Гриненко Геннадий Витальевич> Маршруты не найдены
MES 2025.09.01 09:58:36 AGENT_ID=46 NOMER=Гаврилов Андрей Александрович> Маршруты не найдены
MES 2025.09.01 09:58:36 AGENT_ID=47 NOMER=Савостин Павел Владимирович> Маршруты не найдены
MES 2025.09.01 09:58:36 AGENT_ID=48 NOMER=Соколов Андрей Андреевич> Маршруты не найдены
MES 2025.09.01 09:58:36 AGENT_ID=49 NOMER=Павлов Сергей Александрович> Маршруты не найдены
MES 2025.09.01 09:58:36 AGENT_ID=50 NOMER=Соколов Евгений Андреевич> Маршруты не найдены
MES 2025.09.01 09:58:36 AGENT_ID=51 NOMER=Кувшинов Кирилл Сергеевич> Маршруты не найдены
MES 2025.09.01 09:58:36 AGENT_ID=52 NOMER=Курочкин Евгений Александрович> Маршруты не найдены
MES 2025.09.01 09:58:36 AGENT_ID=53 NOMER=Квасневский Дмитрий Витальевич> Маршруты не найдены
MES 2025.09.01 09:58:36 AGENT_ID=54 NOMER=TEST> Маршруты не найдены
MES 2025.09.01 09:58:36 AGENT_ID=55 NOMER=Киселев Сергей Георгиевич> Маршруты не найдены
MES 2025.09.01 09:58:36 AGENT_ID=56 NOMER=Гимадеев Олег Вагизович> Маршруты не найдены
MES 2025.09.01 09:58:36 AGENT_ID=57 NOMER=Ишмамедов Михаил Равильевич> Маршруты не найдены
MES 2025.09.01 09:58:36 AGENT_ID=58 NOMER=Алферов Александр Иванович> Маршруты не найдены
MES 2025.09.01 09:58:36 AGENT_ID=59 NOMER=Дмитренко Андрей Александрович> Маршруты не найдены
MES 2025.09.01 09:58:36 AGENT_ID=60 NOMER=Буянов Олег Владимирович> Маршруты не найдены
MES 2025.09.01 09:58:36 AGENT_ID=61 NOMER=Бычков Дмитрий Игоревич> Маршруты не найдены
MES 2025.09.01 09:58:36 AGENT_ID=62 NOMER=Белоус Максим Иванович> Маршруты не найдены
MES 2025.09.01 09:58:36 AGENT_ID=63 NOMER=Курышов Алексей Олегович> Маршруты не найдены
MES 2025.09.01 09:58:36 AGENT_ID=64 NOMER=Авдюшин Александр Владимирович> Маршруты не найдены
MES 2025.09.01 09:58:36 AGENT_ID=65 NOMER=Коломиец Михаил Сергеевич> Маршруты не найдены
MES 2025.09.01 09:58:36 AGENT_ID=66 NOMER=Чекулаев Денис Игоревич> Маршруты не найдены
MES 2025.09.01 09:58:36 AGENT_ID=67 NOMER=Дементьев Дмитрий Александрович> Маршруты не найдены
MES 2025.09.01 09:58:36 AGENT_ID=68 NOMER=Блудов Кирилл Владиславович> Маршруты не найдены
MES 2025.09.01 09:58:36 AGENT_ID=69 NOMER=Леонов Владимир Викторович> Маршруты не найдены
MES 2025.09.01 09:58:36 AGENT_ID=70 NOMER=Виттенберг Виктор Дмитриевич> Маршруты не найдены
MES 2025.09.01 09:58:36 AGENT_ID=71 NOMER=Ульянов Геннадий Сергеевич> Маршруты не найдены
MES 2025.09.01 09:58:36 AGENT_ID=72 NOMER=Кирст Кирилл Николаевич> Маршруты не найдены
MES 2025.09.01 09:58:36 AGENT_ID=73 NOMER=Красов Алексей Владимирович> Маршруты не найдены
MES 2025.09.01 09:58:36 AGENT_ID=74 NOMER=Мишуков Алексей Михайлович> Маршруты не найдены
MES 2025.09.01 09:58:36 AGENT_ID=75 NOMER=Федюшкин Владимир Александрович> Маршруты не найдены
MES 2025.09.01 09:58:36 AGENT_ID=76 NOMER=Иванов Федор Витальевич> Маршруты не найдены
MES 2025.09.01 09:58:36 AGENT_ID=77 NOMER=Жалбэ Эдуард Викторович> Маршруты не найдены
MES 2025.09.01 09:58:36 AGENT_ID=78 NOMER=Расулов Абдусамад Абдукаюмович> Маршруты не найдены
MES 2025.09.01 09:58:36 AGENT_ID=79 NOMER=Минаев Сергей Владимирович> Маршруты не найдены
MES 2025.09.01 09:58:36 AGENT_ID=80 NOMER=Костяков Иван Константинович> Маршруты не найдены
MES 2025.09.01 09:58:36 AGENT_ID=81 NOMER=Епихин Евгений Сергеевич> Маршруты не найдены
MES 2025.09.01 09:58:36 AGENT_ID=82 NOMER=Рыжов Александр Викторович> Маршруты не найдены
MES 2025.09.01 09:58:36 AGENT_ID=84 NOMER=Агишев Вадим Наильевич> Маршруты не найдены
MES 2025.09.01 09:58:36 AGENT_ID=85 NOMER=Потапов Александр Владимирович> Маршруты не найдены
MES 2025.09.01 09:58:36 AGENT_ID=86 NOMER=Соколов Вадим Викторович> Маршруты не найдены
MES 2025.09.01 09:58:36 AGENT_ID=87 NOMER=Алатырев Павел Олегович> Маршруты не найдены
MES 2025.09.01 09:58:36 AGENT_ID=88 NOMER=Юров Сергей Алексеевич> Маршруты не найдены
MES 2025.09.01 09:58:36 AGENT_ID=89 NOMER=Шамонин Дмитрий Олегович> Маршруты не найдены
MES 2025.09.01 09:58:36 AGENT_ID=90 NOMER=Кувардин Максим Евгеньевич> Маршруты не найдены
MES 2025.09.01 09:58:36 AGENT_ID=91 NOMER=Сенюков Андрей Владиславович> Маршруты не найдены
MES 2025.09.01 09:58:36 AGENT_ID=92 NOMER=Денисов Дмитрий Владимирович> Маршруты не найдены
MES 2025.09.01 09:58:36 AGENT_ID=93 NOMER=Шавёлкин Владимир Геннадьевич> Маршруты не найдены
MES 2025.09.01 09:58:36 AGENT_ID=94 NOMER=Назаров Андрей Валерьевич> Маршруты не найдены
MES 2025.09.01 09:58:36 AGENT_ID=95 NOMER=Ашуров Нурмухаммад Мамадрозикович> Маршруты не найдены
MES 2025.09.01 09:58:36 AGENT_ID=96 NOMER=Ковбасюк Евгений Михайлович> Маршруты не найдены
MES 2025.09.01 09:58:36 AGENT_ID=97 NOMER=Кудяков Шамиль Мунирович> Маршруты не найдены
MES 2025.09.01 09:58:36 AGENT_ID=98 NOMER=Агапов Данила Романович> Маршруты не найдены
MES 2025.09.01 09:58:36 AGENT_ID=99 NOMER=Вершков Антон Васильевич> Маршруты не найдены
MES 2025.09.01 09:58:36 AGENT_ID=100 NOMER=Лазарев Юрий Владимирович> Маршруты не найдены
MES 2025.09.01 09:58:36 AGENT_ID=101 NOMER=Бучнев Дмитрий Александрович> Маршруты не найдены
MES 2025.09.01 09:58:36 AGENT_ID=102 NOMER=Крикотнюк Андрей Игоревич> Маршруты не найдены
MES 2025.09.01 09:58:36 AGENT_ID=104 NOMER=Гавриленков Дмитрий Михайлович> Маршруты не найдены
MES 2025.09.01 09:58:36 AGENT_ID=105 NOMER=Шестаков Максим Александрович> Маршруты не найдены
MES 2025.09.01 09:58:36 AGENT_ID=106 NOMER=Ромашкин Ринат Рифкатович> Маршруты не найдены
MES 2025.09.01 09:58:36 AGENT_ID=107 NOMER=Малюгин Дмитрий Игоревич> Маршруты не найдены
MES 2025.09.01 09:58:36 AGENT_ID=108 NOMER=Чесноков Дмитрий Алексеевич> Маршруты не найдены
MES 2025.09.01 09:58:36 AGENT_ID=109 NOMER=Обметкин Евгений Игнатьевич> Маршруты не найдены
MES 2025.09.01 09:58:36 AGENT_ID=110 NOMER=Брунов Виктор Викторович> Маршруты не найдены
MES 2025.09.01 09:58:36 AGENT_ID=111 NOMER=Малышев Александр Васильевич> Маршруты не найдены
MES 2025.09.01 09:58:36 AGENT_ID=112 NOMER=Ионов Дмитрий Александрович> Маршруты не найдены
MES 2025.09.01 09:58:36 AGENT_ID=113 NOMER=Митрюхин Алексей Сергеевич> Маршруты не найдены
MES 2025.09.01 09:58:36 AGENT_ID=114 NOMER=Хайбулаев Лабазан Мурадбегович> Маршруты не найдены
MES 2025.09.01 09:58:36 AGENT_ID=115 NOMER=Дудоров Василий Васильевич> Маршруты не найдены
MES 2025.09.01 09:58:36 AGENT_ID=116 NOMER=Олефиренко Юрий Михайлович> Маршруты не найдены
MES 2025.09.01 09:58:36 AGENT_ID=117 NOMER=Баранов Дмитрий Григорьевич> Маршруты не найдены
MES 2025.09.01 09:58:36 AGENT_ID=118 NOMER=Тубольцев Артем Юрьевич> Маршруты не найдены
MES 2025.09.01 09:58:36 AGENT_ID=119 NOMER=Конов Илья Викторович> Маршруты не найдены
MES 2025.09.01 09:58:36 AGENT_ID=120 NOMER=Богун Павел Валерьевич> Маршруты не найдены
MES 2025.09.01 09:58:36 AGENT_ID=121 NOMER=Гегеня Григорий Сергеевич> Маршруты не найдены
MES 2025.09.01 09:58:36 AGENT_ID=122 NOMER=Мыциков Сергей Иванович> Маршруты не найдены
MES 2025.09.01 09:58:36 AGENT_ID=123 NOMER=Гостев Сергей Михайлович> Маршруты не найдены
MES 2025.09.01 09:58:36 AGENT_ID=124 NOMER=Гусев Роман Михайлович> Маршруты не найдены
MES 2025.09.01 09:58:36 AGENT_ID=125 NOMER=Евстифеев Сергей Николаевич> Маршруты не найдены
MES 2025.09.01 09:58:36 AGENT_ID=126 NOMER=Калитин Дмитрий Алексеевич> Маршруты не найдены
MES 2025.09.01 09:58:36 AGENT_ID=127 NOMER=Крылов Геннадий Германович> Маршруты не найдены
MES 2025.09.01 09:58:36 AGENT_ID=128 NOMER=Маркин Юрий Андреевич> Маршруты не найдены
MES 2025.09.01 09:58:36 AGENT_ID=129 NOMER=Мирошин Алексей Александрович> Маршруты не найдены
MES 2025.09.01 09:58:36 AGENT_ID=130 NOMER=Путятин Игорь Александрович> Маршруты не найдены
MES 2025.09.01 09:58:36 AGENT_ID=131 NOMER=Святохо Сергей Иванович> Маршруты не найдены
MES 2025.09.01 09:58:36 AGENT_ID=132 NOMER=Захаркин Александр Иванович> Маршруты не найдены
MES 2025.09.01 09:58:36 AGENT_ID=133 NOMER=Добровольский Вячеслав Иванович> Маршруты не найдены
MES 2025.09.01 09:58:36 AGENT_ID=134 NOMER=Соколов Павел Александрович> Маршруты не найдены
MES 2025.09.01 09:58:36 AGENT_ID=135 NOMER=Плаксин Олег Вадимович> Маршруты не найдены
MES 2025.09.01 09:58:36 AGENT_ID=136 NOMER=Чеканов Алексей Алексеевич> Маршруты не найдены
MES 2025.09.01 09:58:36 AGENT_ID=137 NOMER=Фесенко Алексей Геннадьевич> Маршруты не найдены
MES 2025.09.01 09:58:36 AGENT_ID=138 NOMER=Лучков Андрей Александрович> Маршруты не найдены
MES 2025.09.01 09:58:36 AGENT_ID=139 NOMER=Щетка Алексей Андреевич> Маршруты не найдены
MES 2025.09.01 09:58:36 AGENT_ID=140 NOMER=Стручков Алексей Михайлович> Маршруты не найдены
MES 2025.09.01 09:58:36 AGENT_ID=141 NOMER=Терехов Константин Михайлович> Маршруты не найдены
MES 2025.09.01 09:58:36 AGENT_ID=142 NOMER=Рябченков Андрей Александрович> Маршруты не найдены
MES 2025.09.01 09:58:36 AGENT_ID=143 NOMER=Кузьмин Сергей Егорович> Маршруты не найдены
MES 2025.09.01 09:58:36 AGENT_ID=144 NOMER=Боженов Артур Владимирович> Маршруты не найдены
MES 2025.09.01 09:58:36 AGENT_ID=145 NOMER=Богатырев Виктор Викторович> Маршруты не найдены
MES 2025.09.01 09:58:36 AGENT_ID=146 NOMER=Микитчак Иван Иванович> Маршруты не найдены
MES 2025.09.01 09:58:36 AGENT_ID=147 NOMER=Толстов Максим Анатольевич> Маршруты не найдены
MES 2025.09.01 09:58:36 AGENT_ID=148 NOMER=Бучнев Андрей Васильевич> Маршруты не найдены
MES 2025.09.01 09:58:36 AGENT_ID=149 NOMER=Климовский Андрей Михайлович> Маршруты не найдены
MES 2025.09.01 09:58:36 AGENT_ID=150 NOMER=Рыбаков Станислав Геннадьевич> Маршруты не найдены
MES 2025.09.01 09:58:36 AGENT_ID=151 NOMER=Зайчиков Сергей Олегович> Маршруты не найдены
MES 2025.09.01 09:58:36 AGENT_ID=152 NOMER=Потанин Юрий Юрьевич> Маршруты не найдены
MES 2025.09.01 09:58:36 AGENT_ID=153 NOMER=Баннов Николай Петрович> Маршруты не найдены
MES 2025.09.01 09:58:36 AGENT_ID=154 NOMER=Кузовкин Алексей Вячеславович> Маршруты не найдены
MES 2025.09.01 09:58:36 AGENT_ID=155 NOMER=Шершов Дмитрий Денисович> Маршруты не найдены
MES 2025.09.01 09:58:36 AGENT_ID=156 NOMER=Тепитов Ильдар Минислямович> Маршруты не найдены
MES 2025.09.01 09:58:36 AGENT_ID=157 NOMER=Кукушкин Алексей Дмитриевич> Маршруты не найдены
MES 2025.09.01 09:58:36 AGENT_ID=158 NOMER=Антонов Алексей Александрович> Маршруты не найдены
MES 2025.09.01 09:58:36 AGENT_ID=159 NOMER=Савуков Алексей Александрович> Маршруты не найдены
MES 2025.09.01 09:58:36 AGENT_ID=160 NOMER=Белоконев Александр Юрьевич> Маршруты не найдены
MES 2025.09.01 09:58:36 AGENT_ID=161 NOMER=Зайцев Владимир Николаевич> Маршруты не найдены
MES 2025.09.01 09:58:36 AGENT_ID=162 NOMER=Пронин Денис Алексеевич> Маршруты не найдены
MES 2025.09.01 09:58:36 AGENT_ID=163 NOMER=Арбузов Алексей Викторович> Маршруты не найдены
MES 2025.09.01 09:58:36 AGENT_ID=164 NOMER=Шадров Алексей Николаевич> Маршруты не найдены
MES 2025.09.01 09:58:36 AGENT_ID=165 NOMER=Аношкин Александр Вячеславович> Маршруты не найдены
MES 2025.09.01 09:58:36 AGENT_ID=166 NOMER=Красников Сергей Игоревич> Маршруты не найдены
MES 2025.09.01 09:58:36 AGENT_ID=167 NOMER=Мялин Игорь Дмитриевич> Маршруты не найдены
MES 2025.09.01 09:58:36 AGENT_ID=168 NOMER=Сергиенко Сергей Сергеевич> Маршруты не найдены
MES 2025.09.01 09:58:36 AGENT_ID=169 NOMER=Сизов Сергей Анатольевич> Маршруты не найдены
MES 2025.09.01 09:58:36 AGENT_ID=170 NOMER=Губарев Дмитрий Васильевич> Маршруты не найдены
MES 2025.09.01 09:58:36 AGENT_ID=171 NOMER=Ермолаев Дмитрий Викторович> Маршруты не найдены
MES 2025.09.01 09:58:36 AGENT_ID=172 NOMER=Хисяметдинов Шамиль Абдулбярович> Маршруты не найдены
MES 2025.09.01 09:58:36 AGENT_ID=173 NOMER=Оленюк Виталий Владимирович> Маршруты не найдены
MES 2025.09.01 09:58:36 AGENT_ID=174 NOMER=Федосеенко Сергей Анатольевич> Маршруты не найдены
MES 2025.09.01 09:58:36 AGENT_ID=175 NOMER=Панин Игорь Борисович> Маршруты не найдены
MES 2025.09.01 09:58:36 AGENT_ID=176 NOMER=Казимиров Александр Петрович> Маршруты не найдены
MES 2025.09.01 09:58:36 AGENT_ID=177 NOMER=Беляков Максим Геннадьевич> Маршруты не найдены
MES 2025.09.01 09:58:36 AGENT_ID=178 NOMER=Лапанов Дмитрий Николаевич> Маршруты не найдены
MES 2025.09.01 09:58:36 AGENT_ID=179 NOMER=Шакарян Давид Эдуардович> Маршруты не найдены
MES 2025.09.01 09:58:36 AGENT_ID=180 NOMER=Карасев Станислав Викторович> Маршруты не найдены
MES 2025.09.01 09:58:36 AGENT_ID=181 NOMER=Шавелкин Дмитрий Александрович> Маршруты не найдены
MES 2025.09.01 09:58:36 AGENT_ID=182 NOMER=Павлов Алексей Геннадиевич> Маршруты не найдены
MES 2025.09.01 09:58:36 AGENT_ID=183 NOMER=Медведев Максим Викторович> Маршруты не найдены
MES 2025.09.01 09:58:36 AGENT_ID=184 NOMER=Филякин Сергей Александрович> Маршруты не найдены
MES 2025.09.01 09:58:36 AGENT_ID=185 NOMER=Силаев Егор Дмитриевич> Маршруты не найдены
MES 2025.09.01 09:58:36 AGENT_ID=186 NOMER=Борисов Алексей Петрович> Маршруты не найдены
MES 2025.09.01 09:58:36 AGENT_ID=187 NOMER=Маленки Вячеслав Георгиевич> Маршруты не найдены
MES 2025.09.01 09:58:36 AGENT_ID=188 NOMER=Толкунов Александр Алексеевич> Маршруты не найдены
MES 2025.09.01 09:58:36 AGENT_ID=189 NOMER=Смирнов Александр Александрович> Маршруты не найдены
MES 2025.09.01 09:58:36 AGENT_ID=190 NOMER=Забанов Сергей Владимирович> Маршруты не найдены
MES 2025.09.01 09:58:36 AGENT_ID=191 NOMER=Бочкарев Виталий Александрович> Маршруты не найдены
MES 2025.09.01 09:58:36 AGENT_ID=192 NOMER=Тагирбеков Муслим Небиевич> Маршруты не найдены
MES 2025.09.01 09:58:36 AGENT_ID=194 NOMER=Журавлев Дмитрий Анатольевич> Маршруты не найдены
MES 2025.09.01 09:58:36 AGENT_ID=195 NOMER=Шехватов Павел Владимирович> Маршруты не найдены
MES 2025.09.01 09:58:36 AGENT_ID=196 NOMER=Деянов Константин Борисович> Маршруты не найдены
MES 2025.09.01 09:58:36 AGENT_ID=197 NOMER=Черкасов Константин Юрьевич> Маршруты не найдены
MES 2025.09.01 09:58:36 AGENT_ID=198 NOMER=Корелов Максим Владимирович> Маршруты не найдены
MES 2025.09.01 09:58:36 AGENT_ID=199 NOMER=Кабин Денис Владимирович> Маршруты не найдены
MES 2025.09.01 09:58:36 AGENT_ID=200 NOMER=Спиридонов Михаил Алексеевич> Маршруты не найдены
MES 2025.09.01 09:58:36 AGENT_ID=201 NOMER=Шаймердянов Ильдар Фяритович> Маршруты не найдены
MES 2025.09.01 09:58:36 AGENT_ID=202 NOMER=Марков Анатолий Сергеевич> Маршруты не найдены
MES 2025.09.01 09:58:36 AGENT_ID=203 NOMER=Сюбаев Рушан Рамилевич> Маршруты не найдены
MES 2025.09.01 09:58:36 AGENT_ID=204 NOMER=Сизов Евгений Владимирович> Маршруты не найдены
MES 2025.09.01 09:58:36 AGENT_ID=205 NOMER=Маренков Сергей Викторович> Маршруты не найдены
MES 2025.09.01 09:58:36 AGENT_ID=206 NOMER=Ахазов Кирилл Альбертович> Маршруты не найдены
MES 2025.09.01 09:58:36 AGENT_ID=207 NOMER=Кабин Андрей Владимирович> Маршруты не найдены
MES 2025.09.01 09:58:36 AGENT_ID=208 NOMER=Буданов Ильмир Тагирзянович> Маршруты не найдены
MES 2025.09.01 09:58:36 AGENT_ID=209 NOMER=Клочков Юрий Иванович> Маршруты не найдены
MES 2025.09.01 09:58:36 AGENT_ID=210 NOMER=Оськин Дмитрий Анатольевич> Маршруты не найдены
MES 2025.09.01 09:58:36 AGENT_ID=211 NOMER=Терёшкин Сергей Михайлович> Маршруты не найдены
MES 2025.09.01 09:58:36 AGENT_ID=214 NOMER=Григорян Альберт Владимирович> Маршруты не найдены
MES 2025.09.01 09:58:36 AGENT_ID=215 NOMER=Каревский Иван Александрович> Маршруты не найдены
MES 2025.09.01 09:58:36 AGENT_ID=216 NOMER=Максименков Алексей Иванович> Маршруты не найдены
MES 2025.09.01 09:58:36 AGENT_ID=217 NOMER=Котов Андрей Васильевич> Маршруты не найдены
MES 2025.09.01 09:58:36 AGENT_ID=220 NOMER=Волнухин Сергей Александрович> Маршруты не найдены
MES 2025.09.01 09:58:36 AGENT_ID=221 NOMER=Матвеев Артем Михайлович> Маршруты не найдены
MES 2025.09.01 09:58:36 AGENT_ID=222 NOMER=Плэмэдялэ Олег> Маршруты не найдены
MES 2025.09.01 09:58:36 AGENT_ID=223 NOMER=Ермаков Василий Олегович> Маршруты не найдены
MES 2025.09.01 09:58:36 AGENT_ID=224 NOMER=Лазыкин Павел Александрович> Маршруты не найдены
MES 2025.09.01 09:58:36 AGENT_ID=225 NOMER=Агарков Роман Сергеевич> Маршруты не найдены
MES 2025.09.01 09:58:36 AGENT_ID=226 NOMER=Дубовицкий Алексей Николаевич> Маршруты не найдены
MES 2025.09.01 09:58:36 AGENT_ID=227 NOMER=Лопухов Виталий Сергеевич> Маршруты не найдены
MES 2025.09.01 09:58:36 AGENT_ID=228 NOMER=Соколов Михаил Сергеевич> Маршруты не найдены
MES 2025.09.01 09:58:36 AGENT_ID=229 NOMER=Синюшкин Александр Анатольевич> Маршруты не найдены
MES 2025.09.01 09:58:36 AGENT_ID=230 NOMER=Чугунов Михаил Анатольевич> Маршруты не найдены
MES 2025.09.01 09:58:36 AGENT_ID=231 NOMER=Гудовичев Александр Юрьевич> Маршруты не найдены
MES 2025.09.01 09:58:36 AGENT_ID=232 NOMER=Зубков Андрей Борисович> Маршруты не найдены
MES 2025.09.01 09:58:36 AGENT_ID=233 NOMER=Шлыков Игорь Владимирович> Маршруты не найдены
MES 2025.09.01 09:58:36 AGENT_ID=234 NOMER=Юдин Павел Алексеевич> Маршруты не найдены
MES 2025.09.01 09:58:36 AGENT_ID=235 NOMER=Хлебников Вадим Александрович> Маршруты не найдены
MES 2025.09.01 09:58:36 AGENT_ID=236 NOMER=Войтенко Иван Иванович> Маршруты не найдены
MES 2025.09.01 09:58:36 AGENT_ID=237 NOMER=Титов Александр Викторович> Маршруты не найдены
MES 2025.09.01 09:58:36 AGENT_ID=238 NOMER=Гладышев Юрий Михайлович> Маршруты не найдены
MES 2025.09.01 09:58:36 AGENT_ID=239 NOMER=Правдин Алексей Сергеевич> Маршруты не найдены
MES 2025.09.01 09:58:36 AGENT_ID=240 NOMER=Юдин Евгений Алексеевич> Маршруты не найдены
MES 2025.09.01 09:58:36 AGENT_ID=241 NOMER=Суворинов Виктор Валерьевич> Маршруты не найдены
MES 2025.09.01 09:58:36 AGENT_ID=242 NOMER=Потапов Макар Николаевич> Маршруты не найдены
MES 2025.09.01 09:58:36 AGENT_ID=243 NOMER=Ежиков Вадим Валерьевич> Маршруты не найдены
MES 2025.09.01 09:58:36 AGENT_ID=244 NOMER=Попов Евгений Михайлович> Маршруты не найдены
MES 2025.09.01 09:58:36 AGENT_ID=245 NOMER=Четверев Александр Сергеевич> Маршруты не найдены
MES 2025.09.01 09:58:36 AGENT_ID=246 NOMER=Фирсов Дмитрий Сергеевич> Маршруты не найдены
MES 2025.09.01 09:58:36 AGENT_ID=247 NOMER=Крючков Александр Юрьевич> Маршруты не найдены
MES 2025.09.01 09:58:36 AGENT_ID=248 NOMER=Ативанов Иван Николаевич> Маршруты не найдены
MES 2025.09.01 09:58:36 AGENT_ID=249 NOMER=Маркин Владимир Андреевич> Маршруты не найдены
MES 2025.09.01 09:58:36 AGENT_ID=250 NOMER=Демьянов Роман Александрович> Маршруты не найдены
MES 2025.09.01 09:58:36 AGENT_ID=251 NOMER=Белов Роман Рушниевич> Маршруты не найдены
MES 2025.09.01 09:58:36 AGENT_ID=252 NOMER=Усольцев Андрей Михайлович> Маршруты не найдены
MES 2025.09.01 09:58:36 AGENT_ID=253 NOMER=Тимофеев Николай Юрьевич> Маршруты не найдены
MES 2025.09.01 09:58:36 AGENT_ID=254 NOMER=Поспелов Дмитрий Викторович> Маршруты не найдены
MES 2025.09.01 09:58:36 AGENT_ID=255 NOMER=Еремин Александр Николаевич> Маршруты не найдены
MES 2025.09.01 09:58:36 AGENT_ID=256 NOMER=Долгов Николай Игоревич> Маршруты не найдены
MES 2025.09.01 09:58:36 AGENT_ID=257 NOMER=Пруцаков Евгений Викторович> Маршруты не найдены
MES 2025.09.01 09:58:36 AGENT_ID=258 NOMER=Коробко Александр Евгеньевич> Маршруты не найдены
MES 2025.09.01 09:58:36 AGENT_ID=259 NOMER=Романов Роман Сергеевич> Маршруты не найдены
MES 2025.09.01 09:58:36 AGENT_ID=260 NOMER=Усовик Виталий Владимирович> Маршруты не найдены
MES 2025.09.01 09:58:36 AGENT_ID=261 NOMER=Левашов Василий Николаевич> Маршруты не найдены
MES 2025.09.01 09:58:36 AGENT_ID=262 NOMER=Назаруха Сергей Валерьевич> Маршруты не найдены
MES 2025.09.01 09:58:36 AGENT_ID=263 NOMER=Бугорков Максим Константинович> Маршруты не найдены
MES 2025.09.01 09:58:36 AGENT_ID=264 NOMER=Шабанов Шамиль Надирович> Маршруты не найдены
MES 2025.09.01 09:58:36 AGENT_ID=265 NOMER=Тяпугин Алексей Яковлевич> Маршруты не найдены
MES 2025.09.01 09:58:36 AGENT_ID=266 NOMER=Кабацкий Дмитрий Александрович> Маршруты не найдены
MES 2025.09.01 09:58:36 AGENT_ID=267 NOMER=Брагин Алексей Алексеевич> Маршруты не найдены
MES 2025.09.01 09:58:36 AGENT_ID=268 NOMER=Циркунов Евгений Константинович> Маршруты не найдены
MES 2025.09.01 09:58:36 AGENT_ID=269 NOMER=Руденко Олег Сергеевич> Маршруты не найдены
MES 2025.09.01 09:58:36 AGENT_ID=270 NOMER=Корюнов Олег Владимирович> Маршруты не найдены
MES 2025.09.01 09:58:36 AGENT_ID=271 NOMER=Деев Олег Владимирович> Маршруты не найдены
MES 2025.09.01 09:58:36 AGENT_ID=272 NOMER=Дронов Андрей Александрович> Маршруты не найдены
MES 2025.09.01 09:58:36 AGENT_ID=273 NOMER=Морозов Вячеслав Викторович> Маршруты не найдены
MES 2025.09.01 09:58:36 AGENT_ID=274 NOMER=Иванов Николай Викторович> Маршруты не найдены
MES 2025.09.01 09:58:36 AGENT_ID=275 NOMER=Шубин Роман Николаевич> Маршруты не найдены
MES 2025.09.01 09:58:36 AGENT_ID=276 NOMER=Юров Максим Андреевич> Маршруты не найдены
MES 2025.09.01 09:58:36 AGENT_ID=277 NOMER=Яшнов Олег Александрович> Маршруты не найдены
MES 2025.09.01 09:58:36 AGENT_ID=278 NOMER=Исмаков Саяр Жафярович> Маршруты не найдены
MES 2025.09.01 09:58:36 AGENT_ID=279 NOMER=Смокоровский Артем Анатольевич> Маршруты не найдены
MES 2025.09.01 09:58:36 AGENT_ID=280 NOMER=Курчавов Алексей Юрьевич> Маршруты не найдены
MES 2025.09.01 09:58:36 AGENT_ID=281 NOMER=Татарницев Максим Анатольевич> Маршруты не найдены
MES 2025.09.01 09:58:36 AGENT_ID=282 NOMER=Здебский Вадим Вадимович> Маршруты не найдены
MES 2025.09.01 09:58:36 AGENT_ID=283 NOMER=Петрушин Сергей Игоревич> Маршруты не найдены
MES 2025.09.01 09:58:36 AGENT_ID=284 NOMER=Андреев Владимир Михайлович> Маршруты не найдены
MES 2025.09.01 09:58:36 AGENT_ID=285 NOMER=Архипов Дмитрий Викторович> Маршруты не найдены
MES 2025.09.01 09:58:36 AGENT_ID=286 NOMER=Старостин Дмитрий Юрьевич> Маршруты не найдены
MES 2025.09.01 09:58:36 AGENT_ID=287 NOMER=Акимов Олег Александрович> Маршруты не найдены
MES 2025.09.01 09:58:36 AGENT_ID=288 NOMER=Самсонов Николай Николаевич> Маршруты не найдены
MES 2025.09.01 09:58:36 AGENT_ID=289 NOMER=Стельмашук Дмитрий Анатольевич> Маршруты не найдены
MES 2025.09.01 09:58:36 AGENT_ID=290 NOMER=Шмелев Дмитрий Сергеевич> Маршруты не найдены
MES 2025.09.01 09:58:36 AGENT_ID=292 NOMER=Баранов Игорь Геннадиевич> Маршруты не найдены
MES 2025.09.01 09:58:36 AGENT_ID=293 NOMER=Хайт Денис Евгеньевич> Маршруты не найдены
MES 2025.09.01 09:58:36 AGENT_ID=294 NOMER=Сулиманов Ильдар Зиннурович> Маршруты не найдены
MES 2025.09.01 09:58:36 AGENT_ID=295 NOMER=Гостев Сергей Александрович> Маршруты не найдены
MES 2025.09.01 09:58:36 AGENT_ID=296 NOMER=Анисимов Роман Викторович> Маршруты не найдены
MES 2025.09.01 09:58:36 AGENT_ID=297 NOMER=Григорьев Александр Анатольевич> Маршруты не найдены
MES 2025.09.01 09:58:36 AGENT_ID=298 NOMER=Борисов Владимир Владимирович> Маршруты не найдены
MES 2025.09.01 09:58:36 AGENT_ID=299 NOMER=Соломонов Алексей Александрович> Маршруты не найдены
MES 2025.09.01 09:58:36 AGENT_ID=300 NOMER=Краюхин Роман Юрьевич> Маршруты не найдены
MES 2025.09.01 09:58:36 AGENT_ID=301 NOMER=Фокин Алексей Александрович> Маршруты не найдены
MES 2025.09.01 09:58:36 AGENT_ID=302 NOMER=Журавлев Юрий Михайлович> Маршруты не найдены
MES 2025.09.01 09:58:36 AGENT_ID=303 NOMER=Карганов Глеб Игоревич> Маршруты не найдены
MES 2025.09.01 09:58:36 AGENT_ID=304 NOMER=Журавлев Александр Сергеевич> Маршруты не найдены
MES 2025.09.01 09:58:36 AGENT_ID=305 NOMER=Некрасов Александр Сергеевич> Маршруты не найдены
MES 2025.09.01 09:58:36 AGENT_ID=306 NOMER=Александровский Алексей Станиславович> Маршруты не найдены
MES 2025.09.01 09:58:36 AGENT_ID=307 NOMER=Беспалов Владимир Васильевич> Маршруты не найдены
MES 2025.09.01 09:58:36 AGENT_ID=308 NOMER=Степаненко Александр Владимирович> Маршруты не найдены
MES 2025.09.01 09:58:36 AGENT_ID=309 NOMER=Чувило Андрей Александрович> Маршруты не найдены
MES 2025.09.01 09:58:36 AGENT_ID=310 NOMER=Криволапов Андрей Валентинович> Маршруты не найдены
MES 2025.09.01 09:58:36 AGENT_ID=311 NOMER=Насонов Александр Сергеевич> Маршруты не найдены
MES 2025.09.01 09:58:36 AGENT_ID=312 NOMER=Назаренко Владимир Петрович> Маршруты не найдены
MES 2025.09.01 09:58:36 AGENT_ID=313 NOMER=Герасимов Владимир Вячеславович> Маршруты не найдены
MES 2025.09.01 09:58:36 AGENT_ID=314 NOMER=Мирошин Иван Александрович> Маршруты не найдены
MES 2025.09.01 09:58:36 AGENT_ID=315 NOMER=Филимонов Игорь Витальевич> Маршруты не найдены
MES 2025.09.01 09:58:36 AGENT_ID=316 NOMER=Илюев Артем Николаевич> Маршруты не найдены
MES 2025.09.01 09:58:36 AGENT_ID=317 NOMER=Ковалев Борис Анатольевич> Маршруты не найдены
MES 2025.09.01 09:58:36 AGENT_ID=318 NOMER=Корсаков Алексей Валериевич> Маршруты не найдены
MES 2025.09.01 09:58:36 AGENT_ID=319 NOMER=Мирошников Олег Юрьевич> Маршруты не найдены
MES 2025.09.01 09:58:36 AGENT_ID=320 NOMER=Попов Геннадий Владимирович> Маршруты не найдены
MES 2025.09.01 09:58:36 AGENT_ID=321 NOMER=Попов Николай Валерьевич> Маршруты не найдены
MES 2025.09.01 09:58:36 AGENT_ID=322 NOMER=Ракитов Дмитрий Леонидович> Маршруты не найдены
MES 2025.09.01 09:58:36 AGENT_ID=323 NOMER=Тележкин Родион Владимирович> Маршруты не найдены
MES 2025.09.01 09:58:36 AGENT_ID=324 NOMER=Шерстюк Сергей Николаевич> Маршруты не найдены
MES 2025.09.01 09:58:36 AGENT_ID=325 NOMER=Тарасов Алексей Владимирович> Маршруты не найдены
MES 2025.09.01 09:58:36 AGENT_ID=326 NOMER=Климов Роман Викторович> Маршруты не найдены
MES 2025.09.01 09:58:36 AGENT_ID=327 NOMER=Дунаев Андрей Борисович> Маршруты не найдены
MES 2025.09.01 09:58:36 AGENT_ID=328 NOMER=Скоромыслов Андрей Викторович> Маршруты не найдены
MES 2025.09.01 09:58:36 AGENT_ID=329 NOMER=Петров Валерий Юрьевич> Маршруты не найдены
MES 2025.09.01 09:58:36 AGENT_ID=330 NOMER=Никулин Александр Анатольевич> Маршруты не найдены
MES 2025.09.01 09:58:36 AGENT_ID=331 NOMER=Катана Дмитрий Юрьевич> Маршруты не найдены
MES 2025.09.01 09:58:36 AGENT_ID=332 NOMER=Булах Сергей Николаевич> Маршруты не найдены
MES 2025.09.01 09:58:36 AGENT_ID=333 NOMER=Гусев Александр Михайлович> Маршруты не найдены
MES 2025.09.01 09:58:36 AGENT_ID=334 NOMER=Грачев Всеволод Васильевич> Маршруты не найдены
MES 2025.09.01 09:58:36 AGENT_ID=335 NOMER=Буканов Сергей Юрьевич> Маршруты не найдены
MES 2025.09.01 09:58:36 AGENT_ID=336 NOMER=Куликов Андрей Ильич> Маршруты не найдены
MES 2025.09.01 09:58:36 AGENT_ID=337 NOMER=Синёв Павел Андреевич> Маршруты не найдены
MES 2025.09.01 09:58:36 AGENT_ID=338 NOMER=Денискин Евгений Сергеевич> Маршруты не найдены
MES 2025.09.01 09:58:36 AGENT_ID=339 NOMER=Курицын Денис Юрьевич> Маршруты не найдены
MES 2025.09.01 09:58:36 AGENT_ID=340 NOMER=Гаджиев Хабиб Рабазанович> Маршруты не найдены
MES 2025.09.01 09:58:36 AGENT_ID=342 NOMER=Науменко Андрей Викторович> Маршруты не найдены
MES 2025.09.01 09:58:36 AGENT_ID=343 NOMER=Можаев Александр Владимирович> Маршруты не найдены
MES 2025.09.01 09:58:36 AGENT_ID=346 NOMER=Мелин Сергей Петрович> Маршруты не найдены
MES 2025.09.01 09:58:36 AGENT_ID=347 NOMER=Горкушенко Андрей Николаевич> Маршруты не найдены
MES 2025.09.01 09:58:36 AGENT_ID=348 NOMER=Смокоровский Руслан Зиновьевич> Маршруты не найдены
MES 2025.09.01 09:58:36 AGENT_ID=349 NOMER=Зеленин Андрей Николаевич> Маршруты не найдены
MES 2025.09.01 09:58:36 AGENT_ID=350 NOMER=Абдуллин Ильдус Ильясович> Маршруты не найдены
MES 2025.09.01 09:58:36 AGENT_ID=351 NOMER=Игнатьев Александр Сергеевич> Маршруты не найдены
MES 2025.09.01 09:58:36 AGENT_ID=352 NOMER=Ильюшечкин Илья Николаевич> Маршруты не найдены
MES 2025.09.01 09:58:36 AGENT_ID=353 NOMER=Комаров Владимир Игоревич> Маршруты не найдены
MES 2025.09.01 09:58:36 AGENT_ID=354 NOMER=Майоров Андрей Сергеевич> Маршруты не найдены
MES 2025.09.01 09:58:36 AGENT_ID=355 NOMER=Краснов Сергей Юрьевич> Маршруты не найдены
MES 2025.09.01 09:58:36 AGENT_ID=356 NOMER=Оруджев Расул Исмаил Оглы> Маршруты не найдены
MES 2025.09.01 09:58:36 AGENT_ID=357 NOMER=Кудяков Дамир Мунирович> Маршруты не найдены
MES 2025.09.01 09:58:36 AGENT_ID=358 NOMER=Курасов Максим Александрович> Маршруты не найдены
MES 2025.09.01 09:58:36 AGENT_ID=359 NOMER=Канюков Артур Вадимович> Маршруты не найдены
MES 2025.09.01 09:58:36 AGENT_ID=360 NOMER=Лешок Михаил Владимирович> Маршруты не найдены
MES 2025.09.01 09:58:36 AGENT_ID=361 NOMER=Логвинюк Руслан Васильевич> Маршруты не найдены
MES 2025.09.01 09:58:36 AGENT_ID=362 NOMER=Лоик Максим Сергеевич> Маршруты не найдены
MES 2025.09.01 09:58:36 AGENT_ID=363 NOMER=Маркин Александр Алексеевич> Маршруты не найдены
MES 2025.09.01 09:58:36 AGENT_ID=364 NOMER=Тихолаз Сергей Александрович> Маршруты не найдены
MES 2025.09.01 09:58:36 AGENT_ID=365 NOMER=Миллер Евгений Викторович> Маршруты не найдены
MES 2025.09.01 09:58:36 AGENT_ID=366 NOMER=Хасуев Ильяс Лом-Алиевич> Маршруты не найдены
MES 2025.09.01 09:58:36 AGENT_ID=367 NOMER=Ржанов Сергей Евгеньевич> Маршруты не найдены
MES 2025.09.01 09:58:36 AGENT_ID=368 NOMER=Ромашин Евгений Алексеевич> Маршруты не найдены
MES 2025.09.01 09:58:36 AGENT_ID=369 NOMER=Селиверстов Роман Андреевич> Маршруты не найдены
MES 2025.09.01 09:58:36 AGENT_ID=370 NOMER=Слонов Сергей Николаевич> Маршруты не найдены
MES 2025.09.01 09:58:36 AGENT_ID=371 NOMER=Смирнов Игорь Юрьевич> Маршруты не найдены
MES 2025.09.01 09:58:36 AGENT_ID=372 NOMER=Стряпченко Станислав Андреевич> Маршруты не найдены
MES 2025.09.01 09:58:36 AGENT_ID=373 NOMER=Плетнев Юрий Владимирович> Маршруты не найдены
MES 2025.09.01 09:58:36 AGENT_ID=374 NOMER=Филатов Алексей Геннадьевич> Маршруты не найдены
MES 2025.09.01 09:58:36 AGENT_ID=375 NOMER=Цехмистро Дмитрий Евгеньевич> Маршруты не найдены
MES 2025.09.01 09:58:36 AGENT_ID=376 NOMER=Хайбулаев Мусалав Мурадбегович> Маршруты не найдены
MES 2025.09.01 09:58:36 AGENT_ID=377 NOMER=Чурилов Сергей Вячеславович> Маршруты не найдены
MES 2025.09.01 09:58:36 AGENT_ID=378 NOMER=Шахмурадов Мавлуд Махмудович> Маршруты не найдены
MES 2025.09.01 09:58:36 AGENT_ID=379 NOMER=Шерстюк Александр Сергеевич> Маршруты не найдены
MES 2025.09.01 09:58:36 AGENT_ID=380 NOMER=Бирман Владимир Евгеньевич> Маршруты не найдены
MES 2025.09.01 09:58:36 AGENT_ID=381 NOMER=Гордеев Дмитрий Николаевич> Маршруты не найдены
MES 2025.09.01 09:58:36 AGENT_ID=382 NOMER=Евсеев Кирилл Дмитриевич> Маршруты не найдены
MES 2025.09.01 09:58:36 AGENT_ID=383 NOMER=Князев Дмитрий Александрович> Маршруты не найдены
MES 2025.09.01 09:58:36 AGENT_ID=384 NOMER=Куринов Вячеслав Александрович> Маршруты не найдены
MES 2025.09.01 09:58:36 AGENT_ID=385 NOMER=Филонов Дмитрий Геннадьевич> Маршруты не найдены
MES 2025.09.01 09:58:36 AGENT_ID=386 NOMER=Шестаков Виталий Александрович> Маршруты не найдены
MES 2025.09.01 09:58:36 AGENT_ID=387 NOMER=Шилин Владимир Анатольевич> Маршруты не найдены
MES 2025.09.01 09:58:36 AGENT_ID=388 NOMER=Еремин Евгений Викторович> Маршруты не найдены
MES 2025.09.01 09:58:36 AGENT_ID=389 NOMER=Федотов Иван Васильевич> Маршруты не найдены
MES 2025.09.01 09:58:36 AGENT_ID=390 NOMER=Ильин Александр Анатольевич> Маршруты не найдены
MES 2025.09.01 09:58:36 AGENT_ID=391 NOMER=Васяев Вячеслав Анатольевич> Маршруты не найдены
MES 2025.09.01 09:58:36 AGENT_ID=392 NOMER=Ильченко Юрий Юрьевич> Маршруты не найдены
MES 2025.09.01 09:58:36 AGENT_ID=393 NOMER=Савенков Виталий Александрович> Маршруты не найдены
MES 2025.09.01 09:58:36 AGENT_ID=394 NOMER=Карасев Андрей Андреевич> Маршруты не найдены
MES 2025.09.01 09:58:36 AGENT_ID=395 NOMER=Харланин Андрей Сергеевич> Маршруты не найдены
MES 2025.09.01 09:58:36 AGENT_ID=396 NOMER=Лимонов Сергей Николаевич> Маршруты не найдены
MES 2025.09.01 09:58:36 AGENT_ID=397 NOMER=Помогаев Алексей Викторович> Маршруты не найдены
MES 2025.09.01 09:58:36 AGENT_ID=398 NOMER=Щербаков Андрей Дмитриевич> Маршруты не найдены
MES 2025.09.01 09:58:36 AGENT_ID=399 NOMER=Ларин Александр Сергеевич> Маршруты не найдены
MES 2025.09.01 09:58:36 AGENT_ID=400 NOMER=Умяров Эльдар Анварович> Маршруты не найдены
MES 2025.09.01 09:58:36 AGENT_ID=401 NOMER=Петров Сергей Витальевич> Маршруты не найдены
MES 2025.09.01 04:10:01 Начато выполнение этапа Prev
MES 2025.09.01 04:10:01 Импорт_МОСКВА_3: Начинаем импорт
MES 2025.09.01 04:10:01 Импорт_МОСКВА_3: загружаем доступные маршруты
MES 2025.09.01 04:10:01 Начато выполнения поцедуры импорта: AM__GETDATA_WP_3_MOS
ERR 2025.09.01 04:37:59 TAvalonImport.DoImport: TAI_SPInput.LoadAvailableDevs:Transaction (Process ID 60) was deadlocked on lock resources with another process and has been chosen as the deadlock victim. Rerun the transaction
MES 2025.09.01 14:37:59 Завершено выполнение этапа Prev (1678 сек)
